<?xml version="1.0" encoding="UTF-8"?>
<!-- Generated by org.testng.reporters.JUnitReportReporter -->
<testsuite hostname="LAPTOP-PPJCUGB1" failures="0" tests="1" name="Question.Q5_Alert" time="5.388" errors="0" timestamp="2025-08-26T18:03:19 IST" skipped="0">
  <testcase classname="Question.Q5_Alert" name="f" time="5.388"/>
</testsuite> <!-- Question.Q5_Alert -->
