<?xml version="1.0" encoding="UTF-8"?>
<!-- Generated by org.testng.reporters.JUnitReportReporter -->
<testsuite hostname="LAPTOP-PPJCUGB1" failures="0" tests="1" name="Question.Q5_Alert_Extent" time="9.051" errors="0" timestamp="2025-08-28T11:53:31 IST" skipped="0">
  <testcase classname="Question.Q5_Alert_Extent" name="f" time="9.051"/>
</testsuite> <!-- Question.Q5_Alert_Extent -->
