<?xml version="1.0" encoding="UTF-8"?>
<!-- Generated by org.testng.reporters.JUnitReportReporter -->
<testsuite hostname="DESKTOP-P6J36J6" failures="0" tests="1" name="Question.Q2_Login" time="10.842" errors="0" timestamp="2025-08-28T16:39:42 IST" skipped="0">
  <testcase classname="Question.Q2_Login" name="f" time="10.842"/>
</testsuite> <!-- Question.Q2_Login -->
