<?xml version="1.0" encoding="UTF-8"?>
<!-- Generated by org.testng.reporters.JUnitReportReporter -->
<testsuite hostname="LAPTOP-PPJCUGB1" failures="0" tests="3" name="SeleniumPack.Extent_Reporters" time="22.817" errors="0" timestamp="2025-08-21T15:35:26 IST" skipped="0">
  <testcase classname="SeleniumPack.Extent_Reporters" name="f" time="7.530"/>
  <testcase classname="SeleniumPack.Extent_Reporters" name="f" time="7.941"/>
  <testcase classname="SeleniumPack.Extent_Reporters" name="f" time="7.346"/>
</testsuite> <!-- SeleniumPack.Extent_Reporters -->
