<?xml version="1.0" encoding="UTF-8"?>
<!-- Generated by org.testng.reporters.JUnitReportReporter -->
<testsuite hostname="LAPTOP-PPJCUGB1" failures="0" tests="2" name="SeleniumPack.Providing_Data_Using_CSVFile_ToDataProvider" time="20.068" errors="0" timestamp="2025-08-22T12:02:13 IST" skipped="0">
  <testcase classname="SeleniumPack.Providing_Data_Using_CSVFile_ToDataProvider" name="loginTest" time="8.770"/>
  <testcase classname="SeleniumPack.Providing_Data_Using_CSVFile_ToDataProvider" name="loginTest" time="11.298"/>
</testsuite> <!-- SeleniumPack.Providing_Data_Using_CSVFile_ToDataProvider -->
