<?xml version="1.0" encoding="UTF-8"?>
<!-- Generated by org.testng.reporters.JUnitReportReporter -->
<testsuite hostname="DESKTOP-P6J36J6" failures="0" tests="1" name="Jenkins.jenkinsTest_1" time="6.738" errors="0" timestamp="2025-08-28T15:35:30 IST" skipped="0">
  <testcase classname="Jenkins.jenkinsTest_1" name="f" time="6.738"/>
</testsuite> <!-- Jenkins.jenkinsTest_1 -->
