<?xml version="1.0" encoding="UTF-8"?>
<!-- Generated by org.testng.reporters.JUnitReportReporter -->
<testsuite hostname="LAPTOP-PPJCUGB1" failures="0" tests="1" name="SeleniumPack.NewTest1" time="27.976" errors="0" timestamp="2025-08-19T09:18:07 IST" skipped="0">
  <testcase classname="SeleniumPack.NewTest1" name="f" time="27.976"/>
</testsuite> <!-- SeleniumPack.NewTest1 -->
