<?xml version="1.0" encoding="UTF-8"?>
<!-- Generated by org.testng.reporters.JUnitReportReporter -->
<testsuite hostname="LAPTOP-PPJCUGB1" failures="0" tests="1" name="SeleniumPack.Lab4_For_Lab8" time="2.203" errors="0" timestamp="2025-08-19T12:03:34 IST" skipped="0">
  <testcase classname="SeleniumPack.Lab4_For_Lab8" name="lab4Flow" time="2.203">
    <system-out>
      <![CDATA[Page title verified: Your Store
Mac heading verified successfully
Search with Monitors completed successfully]]>
    </system-out>
  </testcase> <!-- lab4Flow -->
  <system-out>
    <![CDATA[Page title verified: Your Store
Mac heading verified successfully
Search with Monitors completed successfully]]>
  </system-out>
</testsuite> <!-- SeleniumPack.Lab4_For_Lab8 -->
