<?xml version="1.0" encoding="UTF-8"?>
<!-- Generated by org.testng.reporters.JUnitReportReporter -->
<testsuite hostname="DESKTOP-P6J36J6" failures="0" tests="2" name="SeleniumPack.Providing_Data_Using_XMLFile_ToDataProvider" time="23.881" errors="0" timestamp="2025-08-28T16:30:26 IST" skipped="0">
  <testcase classname="SeleniumPack.Providing_Data_Using_XMLFile_ToDataProvider" name="f" time="14.546"/>
  <testcase classname="SeleniumPack.Providing_Data_Using_XMLFile_ToDataProvider" name="f" time="9.335"/>
</testsuite> <!-- SeleniumPack.Providing_Data_Using_XMLFile_ToDataProvider -->
