<?xml version="1.0" encoding="UTF-8"?>
<!-- Generated by org.testng.reporters.JUnitReportReporter -->
<testsuite hostname="LAPTOP-PPJCUGB1" failures="0" tests="1" name="SeleniumPack.Lab12" time="1.739" errors="0" timestamp="2025-08-23T13:21:28 IST" skipped="0">
  <testcase classname="SeleniumPack.Lab12" name="lab12Flow" time="1.739">
    <system-out>
      <![CDATA[Page title verified: Your Store
Mac heading verified successfully
Search with Monitors completed successfully]]>
    </system-out>
  </testcase> <!-- lab12Flow -->
  <system-out>
    <![CDATA[Page title verified: Your Store
Mac heading verified successfully
Search with Monitors completed successfully]]>
  </system-out>
</testsuite> <!-- SeleniumPack.Lab12 -->
