<?xml version="1.0" encoding="UTF-8"?>
<!-- Generated by org.testng.reporters.JUnitReportReporter -->
<testsuite hostname="LAPTOP-PPJCUGB1" failures="0" tests="3" name="SeleniumPack.Parameter_diff_browser_check" time="44.689" errors="0" timestamp="2025-08-19T10:54:26 IST" skipped="0">
  <testcase classname="SeleniumPack.Parameter_diff_browser_check" name="f" time="12.493"/>
  <testcase classname="SeleniumPack.Parameter_diff_browser_check" name="f" time="25.691"/>
  <testcase classname="SeleniumPack.Parameter_diff_browser_check" name="f" time="6.505"/>
</testsuite> <!-- SeleniumPack.Parameter_diff_browser_check -->
