<?xml version="1.0" encoding="UTF-8"?>
<!-- Generated by org.testng.reporters.JUnitReportReporter -->
<testsuite hostname="LAPTOP-PPJCUGB1" failures="0" tests="1" name="SeleniumPack.parallelTest2" time="8.108" errors="0" timestamp="2025-08-19T10:13:23 IST" skipped="0">
  <testcase classname="SeleniumPack.parallelTest2" name="f" time="8.108"/>
</testsuite> <!-- SeleniumPack.parallelTest2 -->
