<?xml version="1.0" encoding="UTF-8"?>
<!-- Generated by org.testng.reporters.JUnitReportReporter -->
<testsuite hostname="LAPTOP-PPJCUGB1" failures="0" tests="1" name="SeleniumPack.parallel1" time="6.924" errors="0" timestamp="2025-08-19T10:13:23 IST" skipped="0">
  <testcase classname="SeleniumPack.parallel1" name="f" time="6.924"/>
</testsuite> <!-- SeleniumPack.parallel1 -->
