<?xml version="1.0" encoding="UTF-8"?>
<!-- Generated by org.testng.reporters.JUnitReportReporter -->
<testsuite hostname="LAPTOP-PPJCUGB1" failures="0" tests="1" name="Question.Q3_Amazon" time="18.892" errors="0" timestamp="2025-08-26T18:03:19 IST" skipped="0">
  <testcase classname="Question.Q3_Amazon" name="f" time="18.892"/>
</testsuite> <!-- Question.Q3_Amazon -->
