<?xml version="1.0" encoding="UTF-8"?>
<!-- Generated by org.testng.reporters.JUnitReportReporter -->
<testsuite hostname="LAPTOP-PPJCUGB1" failures="0" tests="3" name="SeleniumPack.TC14_Priority" time="48.834" errors="0" timestamp="2025-08-19T15:57:29 IST" skipped="0">
  <testcase classname="SeleniumPack.TC14_Priority" name="test2" time="37.642"/>
  <testcase classname="SeleniumPack.TC14_Priority" name="test3" time="4.860"/>
  <testcase classname="SeleniumPack.TC14_Priority" name="test1" time="6.332"/>
</testsuite> <!-- SeleniumPack.TC14_Priority -->
