<?xml version="1.0" encoding="UTF-8"?>
<!-- Generated by org.testng.reporters.JUnitReportReporter -->
<testsuite hostname="LAPTOP-PPJCUGB1" failures="0" tests="3" name="SeleniumPack.providingData_Using_CSVFile_toDataProvidxer" time="35.508" errors="0" timestamp="2025-08-22T09:34:43 IST" skipped="0">
  <testcase classname="SeleniumPack.providingData_Using_CSVFile_toDataProvidxer" name="f" time="12.079"/>
  <testcase classname="SeleniumPack.providingData_Using_CSVFile_toDataProvidxer" name="f" time="8.510"/>
  <testcase classname="SeleniumPack.providingData_Using_CSVFile_toDataProvidxer" name="f" time="14.919"/>
</testsuite> <!-- SeleniumPack.providingData_Using_CSVFile_toDataProvidxer -->
