<?xml version="1.0" encoding="UTF-8"?>
<!-- Generated by org.testng.reporters.JUnitReportReporter -->
<testsuite hostname="LAPTOP-PPJCUGB1" failures="0" tests="1" name="Question.Q8_MultipleWindowsHandle_Extent" time="9.134" errors="0" timestamp="2025-08-28T12:02:08 IST" skipped="0">
  <testcase classname="Question.Q8_MultipleWindowsHandle_Extent" name="handleMultipleWindows" time="9.134"/>
</testsuite> <!-- Question.Q8_MultipleWindowsHandle_Extent -->
