<?xml version="1.0" encoding="UTF-8"?>
<!-- Generated by org.testng.reporters.JUnitReportReporter -->
<testsuite hostname="LAPTOP-PPJCUGB1" failures="0" tests="1" name="Question.Q8_MultipleWindowsHandle" time="3.806" errors="0" timestamp="2025-08-26T18:03:19 IST" skipped="0">
  <testcase classname="Question.Q8_MultipleWindowsHandle" name="f" time="3.806"/>
</testsuite> <!-- Question.Q8_MultipleWindowsHandle -->
