<?xml version="1.0" encoding="UTF-8"?>
<!-- Generated by org.testng.reporters.JUnitReportReporter -->
<testsuite hostname="LAPTOP-PPJCUGB1" failures="0" tests="1" name="Question.Q6_CheckBox_Extent" time="8.124" errors="0" timestamp="2025-08-28T11:54:03 IST" skipped="0">
  <testcase classname="Question.Q6_CheckBox_Extent" name="f" time="8.124"/>
</testsuite> <!-- Question.Q6_CheckBox_Extent -->
