<?xml version="1.0" encoding="UTF-8"?>
<!-- Generated by org.testng.reporters.JUnitReportReporter -->
<testsuite hostname="LAPTOP-PPJCUGB1" failures="0" tests="1" name="Question.Q9_ScreenShot_Extent" time="1.996" errors="0" timestamp="2025-08-28T11:55:41 IST" skipped="0">
  <testcase classname="Question.Q9_ScreenShot_Extent" name="takeScreenshotTest" time="1.996"/>
</testsuite> <!-- Question.Q9_ScreenShot_Extent -->
