<?xml version="1.0" encoding="UTF-8"?>
<!-- Generated by org.testng.reporters.JUnitReportReporter -->
<testsuite hostname="LAPTOP-PPJCUGB1" failures="0" tests="3" name="SeleniumPack.Taking_Screenshot" time="41.913" errors="0" timestamp="2025-08-20T16:30:36 IST" skipped="0">
  <testcase classname="SeleniumPack.Taking_Screenshot" name="f" time="14.793"/>
  <testcase classname="SeleniumPack.Taking_Screenshot" name="f" time="13.904"/>
  <testcase classname="SeleniumPack.Taking_Screenshot" name="f" time="13.216"/>
</testsuite> <!-- SeleniumPack.Taking_Screenshot -->
