<?xml version="1.0" encoding="UTF-8"?>
<!-- Generated by org.testng.reporters.JUnitReportReporter -->
<testsuite hostname="LAPTOP-PPJCUGB1" failures="0" tests="1" name="SeleniumPack.Lab3_For_TestNG" time="3.124" errors="0" timestamp="2025-08-19T12:58:23 IST" skipped="0">
  <testcase classname="SeleniumPack.Lab3_For_TestNG" name="f" time="3.124"/>
</testsuite> <!-- SeleniumPack.Lab3_For_TestNG -->
