<?xml version="1.0" encoding="UTF-8"?>
<!-- Generated by org.testng.reporters.JUnitReportReporter -->
<testsuite hostname="LAPTOP-PPJCUGB1" failures="0" tests="3" name="SeleniumPack.NewTest" time="25.395" errors="0" timestamp="2025-08-18T11:19:55 IST" skipped="0">
  <testcase classname="SeleniumPack.NewTest" name="f" time="9.687"/>
  <testcase classname="SeleniumPack.NewTest" name="f" time="7.797"/>
  <testcase classname="SeleniumPack.NewTest" name="f" time="7.911"/>
</testsuite> <!-- SeleniumPack.NewTest -->
