<?xml version="1.0" encoding="UTF-8"?>
<!-- Generated by org.testng.reporters.JUnitReportReporter -->
<testsuite hostname="LAPTOP-PPJCUGB1" failures="0" tests="1" name="Question.Q7_TableDataExtract_Extent" time="8.192" errors="0" timestamp="2025-08-28T12:07:05 IST" skipped="0">
  <testcase classname="Question.Q7_TableDataExtract_Extent" name="f" time="8.192"/>
</testsuite> <!-- Question.Q7_TableDataExtract_Extent -->
