<?xml version="1.0" encoding="UTF-8"?>
<!-- Generated by org.testng.reporters.JUnitReportReporter -->
<testsuite hostname="LAPTOP-PPJCUGB1" failures="0" tests="3" name="SeleniumPack.Tc12_TestNg" time="19.113" errors="0" timestamp="2025-08-18T17:54:02 IST" skipped="0">
  <testcase classname="SeleniumPack.Tc12_TestNg" name="f" time="4.696"/>
  <testcase classname="SeleniumPack.Tc12_TestNg" name="f" time="9.067"/>
  <testcase classname="SeleniumPack.Tc12_TestNg" name="f" time="5.350"/>
</testsuite> <!-- SeleniumPack.Tc12_TestNg -->
