<?xml version="1.0" encoding="UTF-8"?>
<!-- Generated by org.testng.reporters.JUnitReportReporter -->
<testsuite hostname="LAPTOP-PPJCUGB1" failures="0" tests="1" name="Question.Q2_Login_Extent" time="5.861" errors="0" timestamp="2025-08-28T11:52:29 IST" skipped="0">
  <testcase classname="Question.Q2_Login_Extent" name="f" time="5.861"/>
</testsuite> <!-- Question.Q2_Login_Extent -->
