<?xml version="1.0" encoding="UTF-8"?>
<!-- Generated by org.testng.reporters.JUnitReportReporter -->
<testsuite hostname="LAPTOP-PPJCUGB1" failures="0" tests="2" name="SeleniumPack.login_PageFactory_related2" time="21.461" errors="0" timestamp="2025-08-23T17:47:34 IST" skipped="0">
  <testcase classname="SeleniumPack.login_PageFactory_related2" name="f" time="10.636"/>
  <testcase classname="SeleniumPack.login_PageFactory_related2" name="f" time="10.825"/>
</testsuite> <!-- SeleniumPack.login_PageFactory_related2 -->
