<?xml version="1.0" encoding="UTF-8"?>
<!-- Generated by org.testng.reporters.JUnitReportReporter -->
<testsuite hostname="LAPTOP-PPJCUGB1" failures="0" tests="3" name="com.orangehrm.tests.LoginOrangeHRM" time="21.929" errors="0" timestamp="2025-08-25T17:09:40 IST" skipped="0">
  <testcase classname="com.orangehrm.tests.LoginOrangeHRM" name="verifylogin" time="6.298"/>
  <testcase classname="com.orangehrm.tests.LoginOrangeHRM" name="verifylogin" time="9.649"/>
  <testcase classname="com.orangehrm.tests.LoginOrangeHRM" name="verifylogin" time="5.982"/>
</testsuite> <!-- com.orangehrm.tests.LoginOrangeHRM -->
