<?xml version="1.0" encoding="UTF-8"?>
<!-- Generated by org.testng.reporters.JUnitReportReporter -->
<testsuite hostname="LAPTOP-PPJCUGB1" failures="0" tests="2" name="SeleniumPack.TC13_TestNG" time="13.604" errors="0" timestamp="2025-08-18T17:44:37 IST" skipped="0">
  <testcase classname="SeleniumPack.TC13_TestNG" name="f" time="8.138"/>
  <testcase classname="SeleniumPack.TC13_TestNG" name="f" time="5.466"/>
</testsuite> <!-- SeleniumPack.TC13_TestNG -->
