<?xml version="1.0" encoding="UTF-8"?>
<!-- Generated by org.testng.reporters.JUnitReportReporter -->
<testsuite hostname="LAPTOP-PPJCUGB1" failures="0" tests="1" name="Question.Q1_GoogleLaunch_Extent" time="1.849" errors="0" timestamp="2025-08-28T12:05:11 IST" skipped="0">
  <testcase classname="Question.Q1_GoogleLaunch_Extent" name="launchGoogle" time="1.849"/>
</testsuite> <!-- Question.Q1_GoogleLaunch_Extent -->
