<?xml version="1.0" encoding="UTF-8"?>
<!-- Generated by org.testng.reporters.JUnitReportReporter -->
<testsuite hostname="DESKTOP-P6J36J6" failures="0" tests="1" name="Question.Q1_GoogleLaunch" time="9.735" errors="0" timestamp="2025-08-28T14:41:09 IST" skipped="0">
  <testcase classname="Question.Q1_GoogleLaunch" name="f" time="9.735"/>
</testsuite> <!-- Question.Q1_GoogleLaunch -->
