<?xml version="1.0" encoding="UTF-8"?>
<!-- Generated by org.testng.reporters.JUnitReportReporter -->
<testsuite hostname="LAPTOP-PPJCUGB1" failures="0" tests="3" name="SeleniumPack.providingData_Using_xlxsFile_toDataProvidxer" time="18.330" errors="0" timestamp="2025-08-23T17:42:50 IST" skipped="0">
  <testcase classname="SeleniumPack.providingData_Using_xlxsFile_toDataProvidxer" name="f" time="5.027"/>
  <testcase classname="SeleniumPack.providingData_Using_xlxsFile_toDataProvidxer" name="f" time="5.235"/>
  <testcase classname="SeleniumPack.providingData_Using_xlxsFile_toDataProvidxer" name="f" time="8.068"/>
</testsuite> <!-- SeleniumPack.providingData_Using_xlxsFile_toDataProvidxer -->
