<?xml version="1.0" encoding="UTF-8"?>
<!-- Generated by org.testng.reporters.JUnitReportReporter -->
<testsuite hostname="LAPTOP-PPJCUGB1" failures="0" tests="1" name="SeleniumPack.Lab14" time="8.580" errors="0" timestamp="2025-08-26T17:32:12 IST" skipped="0">
  <testcase classname="SeleniumPack.Lab14" name="registerUser" time="8.580"/>
</testsuite> <!-- SeleniumPack.Lab14 -->
