<?xml version="1.0" encoding="UTF-8"?>
<!-- Generated by org.testng.reporters.JUnitReportReporter -->
<testsuite hostname="LAPTOP-PPJCUGB1" failures="0" tests="1" name="Question.Q7_TableDataExtract" time="3.984" errors="0" timestamp="2025-08-28T10:47:36 IST" skipped="0">
  <testcase classname="Question.Q7_TableDataExtract" name="f" time="3.984"/>
</testsuite> <!-- Question.Q7_TableDataExtract -->
