<?xml version="1.0" encoding="UTF-8"?>
<!-- Generated by org.testng.reporters.JUnitReportReporter -->
<testsuite hostname="LAPTOP-PPJCUGB1" failures="0" tests="1" name="Question.Q4_Dropdown_Extent" time="1.427" errors="0" timestamp="2025-08-28T11:52:59 IST" skipped="0">
  <testcase classname="Question.Q4_Dropdown_Extent" name="f" time="1.427"/>
</testsuite> <!-- Question.Q4_Dropdown_Extent -->
