<?xml version="1.0" encoding="UTF-8"?>
<!-- Generated by org.testng.reporters.JUnitReportReporter -->
<testsuite hostname="LAPTOP-PPJCUGB1" failures="0" tests="2" name="SeleniumPack.login_PageObjects_Main" time="17.961" errors="0" timestamp="2025-08-23T15:39:13 IST" skipped="0">
  <testcase classname="SeleniumPack.login_PageObjects_Main" name="f" time="9.599"/>
  <testcase classname="SeleniumPack.login_PageObjects_Main" name="f" time="8.362"/>
</testsuite> <!-- SeleniumPack.login_PageObjects_Main -->
