<?xml version="1.0" encoding="UTF-8"?>
<!-- Generated by org.testng.reporters.JUnitReportReporter -->
<testsuite hostname="LAPTOP-PPJCUGB1" failures="0" tests="1" name="Question.Q3_Amazon_Extent" time="8.420" errors="0" timestamp="2025-08-28T10:25:04 IST" skipped="0">
  <testcase classname="Question.Q3_Amazon_Extent" name="f" time="8.420"/>
</testsuite> <!-- Question.Q3_Amazon_Extent -->
