<?xml version="1.0" encoding="UTF-8"?>
<!-- Generated by org.testng.reporters.JUnitReportReporter -->
<testsuite hostname="LAPTOP-PPJCUGB1" failures="0" tests="1" name="SeleniumPack.Lab8_TestNg" time="5.885" errors="0" timestamp="2025-08-19T13:01:39 IST" skipped="0">
  <testcase classname="SeleniumPack.Lab8_TestNg" name="testFlow" time="5.885">
    <system-out>
      <![CDATA[Clicking on Desktops tab
Clicking on Mac
Verifying Mac heading
Selecting Name (A - Z) from Sort By
Clicking Add to Cart
Searching for Monitors
Clicking Search in product descriptions]]>
    </system-out>
  </testcase> <!-- testFlow -->
  <system-out>
    <![CDATA[Opened TutorialsNinja demo site
Clicking on Desktops tab
Clicking on Mac
Verifying Mac heading
Selecting Name (A - Z) from Sort By
Clicking Add to Cart
Searching for Monitors
Clicking Search in product descriptions
Browser closed]]>
  </system-out>
</testsuite> <!-- SeleniumPack.Lab8_TestNg -->
