<?xml version="1.0" encoding="UTF-8"?>
<!-- Generated by org.testng.reporters.JUnitReportReporter -->
<testsuite hostname="LAPTOP-PPJCUGB1" failures="0" tests="1" name="SeleniumPack.Lab3_For_Lab8" time="1.344" errors="0" timestamp="2025-08-19T11:48:02 IST" skipped="0">
  <testcase classname="SeleniumPack.Lab3_For_Lab8" name="lab3Flow" time="1.344">
    <system-out>
      <![CDATA[Lab3 Test Passed: Add to cart success message displayed]]>
    </system-out>
  </testcase> <!-- lab3Flow -->
  <system-out>
    <![CDATA[Lab3 Test Passed: Add to cart success message displayed]]>
  </system-out>
</testsuite> <!-- SeleniumPack.Lab3_For_Lab8 -->
