<?xml version="1.0" encoding="UTF-8"?>
<!-- Generated by org.testng.reporters.JUnitReportReporter -->
<testsuite hostname="LAPTOP-PPJCUGB1" failures="0" tests="1" name="SeleniumPack.Lab11_forTestCases" time="2.938" errors="0" timestamp="2025-08-20T10:09:19 IST" skipped="0">
  <testcase classname="SeleniumPack.Lab11_forTestCases" name="testLabFlow" time="2.938"/>
</testsuite> <!-- SeleniumPack.Lab11_forTestCases -->
